<?xml version="1.0" encoding="UTF-8"?>
<testng-results ignored="0" total="1" passed="1" failed="0" skipped="0">
  <reporter-output>
  </reporter-output>
  <suite started-at="2025-01-11T19:14:37 IST" name="Default suite" finished-at="2025-01-11T19:15:53 IST" duration-ms="75638">
    <groups>
    </groups>
    <test started-at="2025-01-11T19:14:37 IST" name="Default test" finished-at="2025-01-11T19:15:53 IST" duration-ms="75638">
      <class name="testCases.TC002_FeaturesPage">
        <test-method is-config="true" signature="setup()[pri:0, instance:testCases.TC002_FeaturesPage@41e1e210]" started-at="2025-01-11T19:14:37 IST" name="setup" finished-at="2025-01-11T19:15:36 IST" duration-ms="58955" status="PASS">
          <reporter-output>
          </reporter-output>
        </test-method> <!-- setup -->
        <test-method signature="FeaturesPage()[pri:0, instance:testCases.TC002_FeaturesPage@41e1e210]" started-at="2025-01-11T19:15:36 IST" name="FeaturesPage" finished-at="2025-01-11T19:15:52 IST" duration-ms="16232" status="PASS">
          <reporter-output>
          </reporter-output>
        </test-method> <!-- FeaturesPage -->
        <test-method is-config="true" signature="teardown()[pri:0, instance:testCases.TC002_FeaturesPage@41e1e210]" started-at="2025-01-11T19:15:52 IST" name="teardown" finished-at="2025-01-11T19:15:53 IST" duration-ms="361" status="PASS">
          <reporter-output>
          </reporter-output>
        </test-method> <!-- teardown -->
      </class> <!-- testCases.TC002_FeaturesPage -->
    </test> <!-- Default test -->
  </suite> <!-- Default suite -->
</testng-results>
